[2023-12-23 17:15:38,518: INFO: test: Welcome to our custom Log]
[2023-12-23 19:51:07,494: INFO: common: yaml file: config\config.yaml loaded successfully]
[2023-12-23 19:51:07,495: INFO: common: yaml file: params.yaml loaded successfully]
[2023-12-23 19:51:07,497: INFO: common: created directory at: artifacts]
[2023-12-23 19:54:49,649: INFO: common: yaml file: config\config.yaml loaded successfully]
[2023-12-23 19:54:49,653: INFO: common: yaml file: params.yaml loaded successfully]
[2023-12-23 19:54:49,656: INFO: common: created directory at: artifacts]
[2023-12-23 19:56:48,197: INFO: common: yaml file: config\config.yaml loaded successfully]
[2023-12-23 19:56:48,198: INFO: common: yaml file: params.yaml loaded successfully]
[2023-12-23 19:56:48,202: INFO: common: created directory at: artifacts]
[2023-12-23 20:00:00,823: INFO: common: yaml file: config\config.yaml loaded successfully]
[2023-12-23 20:00:00,828: INFO: common: yaml file: params.yaml loaded successfully]
[2023-12-23 20:00:00,830: INFO: common: created directory at: artifacts]
[2023-12-23 20:01:02,868: INFO: common: yaml file: config\config.yaml loaded successfully]
[2023-12-23 20:01:02,870: INFO: common: yaml file: params.yaml loaded successfully]
[2023-12-23 20:01:02,871: INFO: common: created directory at: artifacts]
[2023-12-23 20:01:02,875: INFO: common: created directory at: artifacts/data_ingestion]
[2023-12-23 20:04:16,781: INFO: common: yaml file: config\config.yaml loaded successfully]
[2023-12-23 20:04:16,782: INFO: common: yaml file: params.yaml loaded successfully]
[2023-12-23 20:04:16,783: INFO: common: created directory at: artifacts]
[2023-12-23 20:04:16,784: INFO: common: created directory at: artifacts/data_ingestion]
[2023-12-23 20:04:41,370: INFO: common: yaml file: config\config.yaml loaded successfully]
[2023-12-23 20:04:41,372: INFO: common: yaml file: params.yaml loaded successfully]
[2023-12-23 20:04:41,375: INFO: common: created directory at: artifacts]
[2023-12-23 20:04:41,376: INFO: common: created directory at: artifacts/data_ingestion]
[2023-12-23 20:06:55,970: INFO: common: yaml file: config\config.yaml loaded successfully]
[2023-12-23 20:06:55,973: INFO: common: yaml file: params.yaml loaded successfully]
[2023-12-23 20:06:55,975: INFO: common: created directory at: artifacts]
[2023-12-23 20:06:55,976: INFO: common: created directory at: artifacts/data_ingestion]
[2023-12-31 03:52:14,100: INFO: main: Data Ingestion stage started]
[2023-12-31 03:52:14,119: INFO: common: yaml file: config\config.yaml loaded successfully]
[2023-12-31 03:52:14,143: INFO: common: yaml file: params.yaml loaded successfully]
[2023-12-31 03:52:14,150: INFO: common: created directory at: artifacts]
[2023-12-31 03:52:14,170: INFO: common: created directory at: artifacts/data_ingestion]
[2023-12-31 03:52:14,172: INFO: data_ingestion: Trying to download file...]
[2023-12-31 03:52:14,174: INFO: data_ingestion: Download started...]
[2023-12-31 03:52:20,042: INFO: data_ingestion: artifacts/data_ingestion/data.zip download! with following info: 
Connection: close
Content-Length: 22329406
Cache-Control: max-age=300
Content-Security-Policy: default-src 'none'; style-src 'unsafe-inline'; sandbox
Content-Type: application/zip
ETag: "e33c4dcc8f22340234fac4b9da4a20b304912be521f658008139809163a077ea"
Strict-Transport-Security: max-age=31536000
X-Content-Type-Options: nosniff
X-Frame-Options: deny
X-XSS-Protection: 1; mode=block
X-GitHub-Request-Id: 8226:1590A6:E58DB:12F384:65909F1F
Accept-Ranges: bytes
Date: Sat, 30 Dec 2023 22:52:16 GMT
Via: 1.1 varnish
X-Served-By: cache-qpg1245-QPG
X-Cache: MISS
X-Cache-Hits: 0
X-Timer: S1703976735.196042,VS0,VE1544
Vary: Authorization,Accept-Encoding,Origin
Access-Control-Allow-Origin: *
Cross-Origin-Resource-Policy: cross-origin
X-Fastly-Request-ID: 4ecdace7cc40a39e175de547ac6e919222fa225c
Expires: Sat, 30 Dec 2023 22:57:16 GMT
Source-Age: 1

]
[2023-12-31 03:52:20,042: INFO: data_ingestion: unzipping file and removing unawanted files]
[2023-12-31 03:52:20,321: INFO: data_ingestion: removing file:artifacts/data_ingestion\PetImages/Dog/11702.jpg of size: ~ 0 KB]
[2023-12-31 03:52:20,519: INFO: main: Data Ingestion stage completed]
[2024-01-22 18:32:21,219: INFO: main:  >>>>>>>>>> Data Ingestion stage started <<<<<<<<<<<]
[2024-01-22 18:32:21,236: INFO: common: yaml file: config\config.yaml loaded successfully]
[2024-01-22 18:32:21,245: INFO: common: yaml file: params.yaml loaded successfully]
[2024-01-22 18:32:21,246: INFO: common: created directory at: artifacts]
[2024-01-22 18:32:21,246: INFO: common: created directory at: artifacts/data_ingestion]
[2024-01-22 18:32:21,247: INFO: data_ingestion: Trying to download file...]
[2024-01-22 18:32:21,247: INFO: data_ingestion: Download started...]
[2024-01-22 18:37:05,157: INFO: data_ingestion: artifacts/data_ingestion/data.zip download! with following info: 
Connection: close
Content-Length: 22329406
Cache-Control: max-age=300
Content-Security-Policy: default-src 'none'; style-src 'unsafe-inline'; sandbox
Content-Type: application/zip
ETag: "e33c4dcc8f22340234fac4b9da4a20b304912be521f658008139809163a077ea"
Strict-Transport-Security: max-age=31536000
X-Content-Type-Options: nosniff
X-Frame-Options: deny
X-XSS-Protection: 1; mode=block
X-GitHub-Request-Id: 0A6E:165E4B:1818E:1C94D:65AE6E69
Accept-Ranges: bytes
Date: Mon, 22 Jan 2024 13:32:27 GMT
Via: 1.1 varnish
X-Served-By: cache-qpg1228-QPG
X-Cache: MISS
X-Cache-Hits: 0
X-Timer: S1705930346.798480,VS0,VE1634
Vary: Authorization,Accept-Encoding,Origin
Access-Control-Allow-Origin: *
Cross-Origin-Resource-Policy: cross-origin
X-Fastly-Request-ID: a35917b7db5a496829f60d3e8b7311c2c99b15d7
Expires: Mon, 22 Jan 2024 13:37:27 GMT
Source-Age: 1

]
[2024-01-22 18:37:05,164: INFO: data_ingestion: unzipping file and removing unawanted files]
[2024-01-22 18:37:05,568: INFO: data_ingestion: removing file:artifacts/data_ingestion\PetImages/Dog/11702.jpg of size: ~ 0 KB]
[2024-01-22 18:37:05,917: INFO: main: Data Ingestion stage completed]
[2024-01-22 20:22:58,741: INFO: common: yaml file: config\config.yaml loaded successfully]
[2024-01-22 20:22:58,767: INFO: common: yaml file: params.yaml loaded successfully]
[2024-01-22 20:22:58,773: INFO: common: created directory at: artifacts]
[2024-01-22 20:22:58,778: INFO: common: created directory at: artifacts/prepare_base_model]
[2024-01-22 20:23:23,368: INFO: common: yaml file: config\config.yaml loaded successfully]
[2024-01-22 20:23:23,394: INFO: common: yaml file: params.yaml loaded successfully]
[2024-01-22 20:23:23,400: INFO: common: created directory at: artifacts]
[2024-01-22 20:23:23,407: INFO: common: created directory at: artifacts/prepare_base_model]
[2024-01-22 20:23:59,260: INFO: common: yaml file: config\config.yaml loaded successfully]
[2024-01-22 20:23:59,268: INFO: common: yaml file: params.yaml loaded successfully]
[2024-01-22 20:23:59,270: INFO: common: created directory at: artifacts]
[2024-01-22 20:23:59,270: INFO: common: created directory at: artifacts/prepare_base_model]
[2024-01-22 20:31:53,984: INFO: common: yaml file: config\config.yaml loaded successfully]
[2024-01-22 20:31:54,001: INFO: common: yaml file: params.yaml loaded successfully]
[2024-01-22 20:31:54,025: INFO: common: created directory at: artifacts]
[2024-01-22 20:31:54,031: INFO: common: created directory at: artifacts/prepare_base_model]
[2024-01-22 20:32:13,487: INFO: common: yaml file: config\config.yaml loaded successfully]
[2024-01-22 20:32:13,494: INFO: common: yaml file: params.yaml loaded successfully]
[2024-01-22 20:32:13,500: INFO: common: created directory at: artifacts]
[2024-01-22 20:32:13,503: INFO: common: created directory at: artifacts/prepare_base_model]
[2024-01-22 20:32:45,715: INFO: common: yaml file: config\config.yaml loaded successfully]
[2024-01-22 20:32:45,722: INFO: common: yaml file: params.yaml loaded successfully]
[2024-01-22 20:32:45,733: INFO: common: created directory at: artifacts]
[2024-01-22 20:32:45,738: INFO: common: created directory at: artifacts/prepare_base_model]
[2024-01-22 20:34:25,496: INFO: utils: Note: NumExpr detected 12 cores but "NUMEXPR_MAX_THREADS" not set, so enforcing safe limit of 8.]
[2024-01-22 20:34:25,510: INFO: utils: NumExpr defaulting to 8 threads.]
[2024-01-22 20:34:29,959: INFO: common: yaml file: config\config.yaml loaded successfully]
[2024-01-22 20:34:29,975: INFO: common: yaml file: params.yaml loaded successfully]
[2024-01-22 20:34:30,008: INFO: common: created directory at: artifacts]
[2024-01-22 20:34:30,024: INFO: common: created directory at: artifacts/prepare_base_model]
[2024-01-22 20:35:23,814: INFO: common: yaml file: config\config.yaml loaded successfully]
[2024-01-22 20:35:23,844: INFO: common: yaml file: params.yaml loaded successfully]
[2024-01-22 20:35:23,854: INFO: common: created directory at: artifacts]
[2024-01-22 20:35:23,864: INFO: common: created directory at: artifacts/prepare_base_model]
[2024-01-22 20:35:46,366: INFO: common: yaml file: config\config.yaml loaded successfully]
[2024-01-22 20:35:46,374: INFO: common: yaml file: params.yaml loaded successfully]
[2024-01-22 20:35:46,379: INFO: common: created directory at: artifacts]
[2024-01-22 20:35:46,382: INFO: common: created directory at: artifacts/prepare_base_model]
[2024-01-22 21:34:41,191: INFO: utils: Note: NumExpr detected 12 cores but "NUMEXPR_MAX_THREADS" not set, so enforcing safe limit of 8.]
[2024-01-22 21:34:41,191: INFO: utils: NumExpr defaulting to 8 threads.]
[2024-01-22 21:34:43,263: INFO: common: yaml file: config\config.yaml loaded successfully]
[2024-01-22 21:34:43,279: INFO: common: yaml file: params.yaml loaded successfully]
[2024-01-22 21:34:43,287: INFO: common: created directory at: artifacts]
[2024-01-22 21:34:43,290: INFO: common: created directory at: artifacts/prepare_base_model]
[2024-01-22 21:34:50,293: WARNING: saving_utils: Compiled the loaded model, but the compiled metrics have yet to be built. `model.compile_metrics` will be empty until you train or evaluate the model.]
[2024-01-22 22:22:28,247: INFO: utils: Note: NumExpr detected 12 cores but "NUMEXPR_MAX_THREADS" not set, so enforcing safe limit of 8.]
[2024-01-22 22:22:28,248: INFO: utils: NumExpr defaulting to 8 threads.]
[2024-01-22 22:22:29,343: INFO: main:  >>>>>>>>>> Data Ingestion stage started <<<<<<<<<<<]
[2024-01-22 22:22:29,361: INFO: common: yaml file: config\config.yaml loaded successfully]
[2024-01-22 22:22:29,375: INFO: common: yaml file: params.yaml loaded successfully]
[2024-01-22 22:22:29,376: INFO: common: created directory at: artifacts]
[2024-01-22 22:22:29,376: INFO: common: created directory at: artifacts/data_ingestion]
[2024-01-22 22:22:29,376: INFO: data_ingestion: Trying to download file...]
[2024-01-22 22:22:29,377: INFO: data_ingestion: File already exists of size: ~ 21806 KB]
[2024-01-22 22:22:29,377: INFO: data_ingestion: unzipping file and removing unawanted files]
[2024-01-22 22:22:29,431: INFO: data_ingestion: removing file:artifacts/data_ingestion\PetImages/Dog/11702.jpg of size: ~ 0 KB]
[2024-01-22 22:22:29,448: INFO: main: Data Ingestion stage completed]
[2024-01-22 22:22:29,448: INFO: main: >>>>>>>>> Prepare Base Model started <<<<<<<<<<<]
[2024-01-22 22:22:29,450: INFO: common: yaml file: config\config.yaml loaded successfully]
[2024-01-22 22:22:29,452: INFO: common: yaml file: params.yaml loaded successfully]
[2024-01-22 22:22:29,454: INFO: common: created directory at: artifacts]
[2024-01-22 22:22:29,454: INFO: common: created directory at: artifacts/prepare_base_model]
[2024-01-22 22:22:29,455: INFO: main: 'ConfigurationManager' object has no attribute 'params']
[2024-01-22 22:23:41,351: INFO: utils: Note: NumExpr detected 12 cores but "NUMEXPR_MAX_THREADS" not set, so enforcing safe limit of 8.]
[2024-01-22 22:23:41,351: INFO: utils: NumExpr defaulting to 8 threads.]
[2024-01-22 22:23:41,762: INFO: main:  >>>>>>>>>> Data Ingestion stage started <<<<<<<<<<<]
[2024-01-22 22:23:41,763: INFO: common: yaml file: config\config.yaml loaded successfully]
[2024-01-22 22:23:41,764: INFO: common: yaml file: params.yaml loaded successfully]
[2024-01-22 22:23:41,765: INFO: common: created directory at: artifacts]
[2024-01-22 22:23:41,765: INFO: common: created directory at: artifacts/data_ingestion]
[2024-01-22 22:23:41,765: INFO: data_ingestion: Trying to download file...]
[2024-01-22 22:23:41,765: INFO: data_ingestion: File already exists of size: ~ 21806 KB]
[2024-01-22 22:23:41,765: INFO: data_ingestion: unzipping file and removing unawanted files]
[2024-01-22 22:23:41,773: INFO: data_ingestion: removing file:artifacts/data_ingestion\PetImages/Dog/11702.jpg of size: ~ 0 KB]
[2024-01-22 22:23:41,781: INFO: main: Data Ingestion stage completed]
[2024-01-22 22:23:41,781: INFO: main: >>>>>>>>> Prepare Base Model started <<<<<<<<<<<]
[2024-01-22 22:23:41,782: INFO: common: yaml file: config\config.yaml loaded successfully]
[2024-01-22 22:23:41,784: INFO: common: yaml file: params.yaml loaded successfully]
[2024-01-22 22:23:41,785: INFO: common: created directory at: artifacts]
[2024-01-22 22:23:41,786: INFO: common: created directory at: artifacts/prepare_base_model]
[2024-01-22 22:23:45,287: WARNING: saving_utils: Compiled the loaded model, but the compiled metrics have yet to be built. `model.compile_metrics` will be empty until you train or evaluate the model.]
[2024-01-22 22:23:45,738: INFO: main: Prepare Base Model completed]
