[2023-12-23 19:45:54,065: INFO: common: yaml file: config\config.yaml loaded successfully]
[2023-12-23 19:45:54,091: INFO: common: yaml file: params.yaml loaded successfully]
[2023-12-23 19:47:51,882: INFO: common: yaml file: config\config.yaml loaded successfully]
[2023-12-23 19:47:51,885: INFO: common: yaml file: params.yaml loaded successfully]
[2023-12-23 19:48:31,675: INFO: common: yaml file: config\config.yaml loaded successfully]
[2023-12-23 19:48:31,678: INFO: common: yaml file: params.yaml loaded successfully]
[2023-12-23 19:48:31,681: INFO: common: created directory at: artifacts]
[2024-01-22 19:44:10,359: INFO: utils: Note: NumExpr detected 12 cores but "NUMEXPR_MAX_THREADS" not set, so enforcing safe limit of 8.]
[2024-01-22 19:44:10,379: INFO: utils: NumExpr defaulting to 8 threads.]
[2024-01-22 19:53:50,768: INFO: common: yaml file: config\config.yaml loaded successfully]
[2024-01-22 19:53:50,859: INFO: common: yaml file: params.yaml loaded successfully]
[2024-01-22 19:53:50,880: INFO: common: created directory at: artifacts]
[2024-01-22 19:53:50,889: INFO: common: created directory at: artifacts/prepare_base_model]
[2024-01-22 19:55:34,653: INFO: utils: Note: NumExpr detected 12 cores but "NUMEXPR_MAX_THREADS" not set, so enforcing safe limit of 8.]
[2024-01-22 19:55:34,663: INFO: utils: NumExpr defaulting to 8 threads.]
[2024-01-22 19:56:20,449: INFO: common: yaml file: config\config.yaml loaded successfully]
[2024-01-22 19:56:20,496: INFO: common: yaml file: params.yaml loaded successfully]
[2024-01-22 19:56:20,517: INFO: common: created directory at: artifacts]
[2024-01-22 19:56:20,521: INFO: common: created directory at: artifacts/prepare_base_model]
[2024-01-22 20:01:14,168: INFO: utils: Note: NumExpr detected 12 cores but "NUMEXPR_MAX_THREADS" not set, so enforcing safe limit of 8.]
[2024-01-22 20:01:14,236: INFO: utils: NumExpr defaulting to 8 threads.]
[2024-01-22 20:01:18,586: INFO: common: yaml file: config\config.yaml loaded successfully]
[2024-01-22 20:01:18,596: INFO: common: yaml file: params.yaml loaded successfully]
[2024-01-22 20:01:18,596: INFO: common: created directory at: artifacts]
[2024-01-22 20:01:18,602: INFO: common: created directory at: artifacts/prepare_base_model]
[2024-01-22 20:09:33,588: INFO: utils: Note: NumExpr detected 12 cores but "NUMEXPR_MAX_THREADS" not set, so enforcing safe limit of 8.]
[2024-01-22 20:09:33,598: INFO: utils: NumExpr defaulting to 8 threads.]
[2024-01-22 20:09:37,556: INFO: common: yaml file: config\config.yaml loaded successfully]
[2024-01-22 20:09:37,577: INFO: common: yaml file: params.yaml loaded successfully]
[2024-01-22 20:09:37,588: INFO: common: created directory at: artifacts]
[2024-01-22 20:09:37,599: INFO: common: created directory at: artifacts/prepare_base_model]
[2024-01-22 20:13:30,574: INFO: utils: Note: NumExpr detected 12 cores but "NUMEXPR_MAX_THREADS" not set, so enforcing safe limit of 8.]
[2024-01-22 20:13:30,576: INFO: utils: NumExpr defaulting to 8 threads.]
[2024-01-22 20:13:34,486: INFO: common: yaml file: config\config.yaml loaded successfully]
[2024-01-22 20:13:34,508: INFO: common: yaml file: params.yaml loaded successfully]
[2024-01-22 20:13:34,516: INFO: common: created directory at: artifacts]
[2024-01-22 20:13:34,528: INFO: common: created directory at: artifacts/prepare_base_model]
[2024-01-30 01:26:00,924: INFO: utils: Note: NumExpr detected 12 cores but "NUMEXPR_MAX_THREADS" not set, so enforcing safe limit of 8.]
[2024-01-30 01:26:00,926: INFO: utils: NumExpr defaulting to 8 threads.]
[2024-01-30 01:34:54,794: INFO: common: yaml file: config\config.yaml loaded successfully]
[2024-01-30 01:34:54,820: INFO: common: yaml file: params.yaml loaded successfully]
[2024-01-30 01:34:54,827: INFO: common: created directory at: artifacts]
[2024-01-30 01:34:54,835: INFO: common: created directory at: artifacts\prepare_callbacks]
[2024-01-30 01:34:54,836: INFO: common: created directory at: artifacts\prepare_callbacks\tensorboard_logs]
[2024-01-30 01:38:05,892: INFO: common: yaml file: config\config.yaml loaded successfully]
[2024-01-30 01:38:05,910: INFO: common: yaml file: params.yaml loaded successfully]
[2024-01-30 01:38:05,922: INFO: common: created directory at: artifacts]
[2024-01-30 01:38:05,927: INFO: common: created directory at: artifacts\prepare_callbacks]
[2024-01-30 01:38:05,929: INFO: common: created directory at: artifacts\prepare_callbacks\tensorboard_logs]
[2024-01-30 01:39:02,462: INFO: common: yaml file: config\config.yaml loaded successfully]
[2024-01-30 01:39:02,466: INFO: common: yaml file: params.yaml loaded successfully]
[2024-01-30 01:39:02,468: INFO: common: created directory at: artifacts]
[2024-01-30 01:39:02,470: INFO: common: created directory at: artifacts\prepare_callbacks]
[2024-01-30 01:39:02,472: INFO: common: created directory at: artifacts\prepare_callbacks\tensorboard_logs]
[2024-01-30 01:39:49,632: INFO: common: yaml file: config\config.yaml loaded successfully]
[2024-01-30 01:39:49,639: INFO: common: yaml file: params.yaml loaded successfully]
[2024-01-30 01:39:49,641: INFO: common: created directory at: artifacts]
[2024-01-30 01:39:49,644: INFO: common: created directory at: artifacts\prepare_callbacks]
[2024-01-30 01:39:49,647: INFO: common: created directory at: artifacts\prepare_callbacks\tensorboard_logs]
[2024-01-30 01:40:41,134: INFO: common: yaml file: config\config.yaml loaded successfully]
[2024-01-30 01:40:41,139: INFO: common: yaml file: params.yaml loaded successfully]
[2024-01-30 01:40:41,141: INFO: common: created directory at: artifacts]
[2024-01-30 01:40:41,143: INFO: common: created directory at: artifacts\prepare_callbacks]
[2024-01-30 01:40:41,145: INFO: common: created directory at: artifacts\prepare_callbacks\tensorboard_logs]
